<?xml version="1.0" encoding="UTF-8"?>
<testng-results ignored="0" total="9" passed="9" failed="0" skipped="0">
  <reporter-output>
  </reporter-output>
  <suite started-at="2022-12-10T21:38:06 EST" name="Free CRM Application Test Automation Test Suite" finished-at="2022-12-10T21:38:44 EST" duration-ms="37981">
    <groups>
    </groups>
    <test started-at="2022-12-10T21:38:06 EST" name="FREE CRM App Test Cases" finished-at="2022-12-10T21:38:44 EST" duration-ms="37981">
      <class name="com.crm.qa.testcases.HomePageTest">
        <test-method is-config="true" signature="setUp()[pri:0, instance:com.crm.qa.testcases.HomePageTest@543295b0]" started-at="2022-12-10T21:38:16 EST" name="setUp" finished-at="2022-12-10T21:38:20 EST" duration-ms="4014" status="PASS">
          <reporter-output>
          </reporter-output>
        </test-method> <!-- setUp -->
        <test-method signature="verifyHomePageTitleTest()[pri:1, instance:com.crm.qa.testcases.HomePageTest@543295b0]" started-at="2022-12-10T21:38:20 EST" name="verifyHomePageTitleTest" finished-at="2022-12-10T21:38:20 EST" duration-ms="4" status="PASS">
          <reporter-output>
          </reporter-output>
        </test-method> <!-- verifyHomePageTitleTest -->
        <test-method is-config="true" signature="tearDown()[pri:0, instance:com.crm.qa.testcases.HomePageTest@543295b0]" started-at="2022-12-10T21:38:20 EST" name="tearDown" finished-at="2022-12-10T21:38:20 EST" duration-ms="571" status="PASS">
          <reporter-output>
          </reporter-output>
        </test-method> <!-- tearDown -->
        <test-method is-config="true" signature="setUp()[pri:0, instance:com.crm.qa.testcases.HomePageTest@543295b0]" started-at="2022-12-10T21:38:20 EST" name="setUp" finished-at="2022-12-10T21:38:24 EST" duration-ms="3593" status="PASS">
          <reporter-output>
          </reporter-output>
        </test-method> <!-- setUp -->
        <test-method signature="verifyUserNameTest()[pri:2, instance:com.crm.qa.testcases.HomePageTest@543295b0]" started-at="2022-12-10T21:38:24 EST" name="verifyUserNameTest" finished-at="2022-12-10T21:38:24 EST" duration-ms="43" status="PASS">
          <reporter-output>
          </reporter-output>
        </test-method> <!-- verifyUserNameTest -->
        <test-method is-config="true" signature="tearDown()[pri:0, instance:com.crm.qa.testcases.HomePageTest@543295b0]" started-at="2022-12-10T21:38:24 EST" name="tearDown" finished-at="2022-12-10T21:38:25 EST" duration-ms="559" status="PASS">
          <reporter-output>
          </reporter-output>
        </test-method> <!-- tearDown -->
        <test-method is-config="true" signature="setUp()[pri:0, instance:com.crm.qa.testcases.HomePageTest@543295b0]" started-at="2022-12-10T21:38:25 EST" name="setUp" finished-at="2022-12-10T21:38:28 EST" duration-ms="3712" status="PASS">
          <reporter-output>
          </reporter-output>
        </test-method> <!-- setUp -->
        <test-method signature="verifyContactsLinkTest()[pri:3, instance:com.crm.qa.testcases.HomePageTest@543295b0]" started-at="2022-12-10T21:38:28 EST" name="verifyContactsLinkTest" finished-at="2022-12-10T21:38:29 EST" duration-ms="514" status="PASS">
          <reporter-output>
          </reporter-output>
        </test-method> <!-- verifyContactsLinkTest -->
        <test-method is-config="true" signature="tearDown()[pri:0, instance:com.crm.qa.testcases.HomePageTest@543295b0]" started-at="2022-12-10T21:38:29 EST" name="tearDown" finished-at="2022-12-10T21:38:29 EST" duration-ms="566" status="PASS">
          <reporter-output>
          </reporter-output>
        </test-method> <!-- tearDown -->
      </class> <!-- com.crm.qa.testcases.HomePageTest -->
      <class name="com.crm.qa.testcases.ContactsPageTest">
        <test-method is-config="true" signature="setUp()[pri:0, instance:com.crm.qa.testcases.ContactsPageTest@54422e18]" started-at="2022-12-10T21:38:29 EST" name="setUp" finished-at="2022-12-10T21:38:34 EST" duration-ms="4250" status="PASS">
          <reporter-output>
          </reporter-output>
        </test-method> <!-- setUp -->
        <test-method signature="verifyContactsPageLabel()[pri:1, instance:com.crm.qa.testcases.ContactsPageTest@54422e18]" started-at="2022-12-10T21:38:34 EST" name="verifyContactsPageLabel" finished-at="2022-12-10T21:38:34 EST" duration-ms="18" status="PASS">
          <reporter-output>
          </reporter-output>
        </test-method> <!-- verifyContactsPageLabel -->
        <test-method is-config="true" signature="tearDown()[pri:0, instance:com.crm.qa.testcases.ContactsPageTest@54422e18]" started-at="2022-12-10T21:38:34 EST" name="tearDown" finished-at="2022-12-10T21:38:34 EST" duration-ms="569" status="PASS">
          <reporter-output>
          </reporter-output>
        </test-method> <!-- tearDown -->
        <test-method is-config="true" signature="setUp()[pri:0, instance:com.crm.qa.testcases.ContactsPageTest@54422e18]" started-at="2022-12-10T21:38:34 EST" name="setUp" finished-at="2022-12-10T21:38:39 EST" duration-ms="4337" status="PASS">
          <reporter-output>
          </reporter-output>
        </test-method> <!-- setUp -->
        <test-method signature="selectSingleContactsTest()[pri:2, instance:com.crm.qa.testcases.ContactsPageTest@54422e18]" started-at="2022-12-10T21:38:39 EST" name="selectSingleContactsTest" finished-at="2022-12-10T21:38:39 EST" duration-ms="48" status="PASS">
          <reporter-output>
          </reporter-output>
        </test-method> <!-- selectSingleContactsTest -->
        <test-method is-config="true" signature="tearDown()[pri:0, instance:com.crm.qa.testcases.ContactsPageTest@54422e18]" started-at="2022-12-10T21:38:39 EST" name="tearDown" finished-at="2022-12-10T21:38:39 EST" duration-ms="579" status="PASS">
          <reporter-output>
          </reporter-output>
        </test-method> <!-- tearDown -->
        <test-method is-config="true" signature="setUp()[pri:0, instance:com.crm.qa.testcases.ContactsPageTest@54422e18]" started-at="2022-12-10T21:38:39 EST" name="setUp" finished-at="2022-12-10T21:38:43 EST" duration-ms="4081" status="PASS">
          <reporter-output>
          </reporter-output>
        </test-method> <!-- setUp -->
        <test-method signature="selectMultipleContactsTest()[pri:3, instance:com.crm.qa.testcases.ContactsPageTest@54422e18]" started-at="2022-12-10T21:38:43 EST" name="selectMultipleContactsTest" finished-at="2022-12-10T21:38:43 EST" duration-ms="75" status="PASS">
          <reporter-output>
          </reporter-output>
        </test-method> <!-- selectMultipleContactsTest -->
        <test-method is-config="true" signature="tearDown()[pri:0, instance:com.crm.qa.testcases.ContactsPageTest@54422e18]" started-at="2022-12-10T21:38:43 EST" name="tearDown" finished-at="2022-12-10T21:38:44 EST" duration-ms="569" status="PASS">
          <reporter-output>
          </reporter-output>
        </test-method> <!-- tearDown -->
      </class> <!-- com.crm.qa.testcases.ContactsPageTest -->
      <class name="com.crm.qa.testcases.LoginPageTest">
        <test-method is-config="true" signature="setUp()[pri:0, instance:com.crm.qa.testcases.LoginPageTest@6c1a5b54]" started-at="2022-12-10T21:38:06 EST" name="setUp" finished-at="2022-12-10T21:38:08 EST" duration-ms="2423" status="PASS">
          <reporter-output>
          </reporter-output>
        </test-method> <!-- setUp -->
        <test-method signature="loginPageTitleTest()[pri:1, instance:com.crm.qa.testcases.LoginPageTest@6c1a5b54]" started-at="2022-12-10T21:38:08 EST" name="loginPageTitleTest" finished-at="2022-12-10T21:38:08 EST" duration-ms="12" status="PASS">
          <reporter-output>
          </reporter-output>
        </test-method> <!-- loginPageTitleTest -->
        <test-method is-config="true" signature="tearDown()[pri:0, instance:com.crm.qa.testcases.LoginPageTest@6c1a5b54]" started-at="2022-12-10T21:38:08 EST" name="tearDown" finished-at="2022-12-10T21:38:09 EST" duration-ms="573" status="PASS">
          <reporter-output>
          </reporter-output>
        </test-method> <!-- tearDown -->
        <test-method is-config="true" signature="setUp()[pri:0, instance:com.crm.qa.testcases.LoginPageTest@6c1a5b54]" started-at="2022-12-10T21:38:09 EST" name="setUp" finished-at="2022-12-10T21:38:11 EST" duration-ms="1915" status="PASS">
          <reporter-output>
          </reporter-output>
        </test-method> <!-- setUp -->
        <test-method signature="crmLogoImageTest()[pri:2, instance:com.crm.qa.testcases.LoginPageTest@6c1a5b54]" started-at="2022-12-10T21:38:11 EST" name="crmLogoImageTest" finished-at="2022-12-10T21:38:11 EST" duration-ms="35" status="PASS">
          <reporter-output>
          </reporter-output>
        </test-method> <!-- crmLogoImageTest -->
        <test-method is-config="true" signature="tearDown()[pri:0, instance:com.crm.qa.testcases.LoginPageTest@6c1a5b54]" started-at="2022-12-10T21:38:11 EST" name="tearDown" finished-at="2022-12-10T21:38:11 EST" duration-ms="563" status="PASS">
          <reporter-output>
          </reporter-output>
        </test-method> <!-- tearDown -->
        <test-method is-config="true" signature="setUp()[pri:0, instance:com.crm.qa.testcases.LoginPageTest@6c1a5b54]" started-at="2022-12-10T21:38:11 EST" name="setUp" finished-at="2022-12-10T21:38:13 EST" duration-ms="1909" status="PASS">
          <reporter-output>
          </reporter-output>
        </test-method> <!-- setUp -->
        <test-method signature="loginTest()[pri:3, instance:com.crm.qa.testcases.LoginPageTest@6c1a5b54]" started-at="2022-12-10T21:38:13 EST" name="loginTest" finished-at="2022-12-10T21:38:15 EST" duration-ms="1825" status="PASS">
          <reporter-output>
          </reporter-output>
        </test-method> <!-- loginTest -->
        <test-method is-config="true" signature="tearDown()[pri:0, instance:com.crm.qa.testcases.LoginPageTest@6c1a5b54]" started-at="2022-12-10T21:38:15 EST" name="tearDown" finished-at="2022-12-10T21:38:16 EST" duration-ms="575" status="PASS">
          <reporter-output>
          </reporter-output>
        </test-method> <!-- tearDown -->
      </class> <!-- com.crm.qa.testcases.LoginPageTest -->
    </test> <!-- FREE CRM App Test Cases -->
  </suite> <!-- Free CRM Application Test Automation Test Suite -->
</testng-results>
