<?xml version="1.0" encoding="UTF-8"?>
<testng-results ignored="0" total="12" passed="12" failed="0" skipped="0">
  <reporter-output>
  </reporter-output>
  <suite started-at="2022-12-11T20:33:36Z" name="Surefire suite" finished-at="2022-12-11T20:34:25Z" duration-ms="49410">
    <groups>
    </groups>
    <test started-at="2022-12-11T20:33:36Z" name="Surefire test" finished-at="2022-12-11T20:34:25Z" duration-ms="49410">
      <class name="com.crm.qa.testcases.HomePageTest">
        <test-method is-config="true" signature="setUp()[pri:0, instance:com.crm.qa.testcases.HomePageTest@3b94d659]" started-at="2022-12-11T15:33:40Z" name="setUp" finished-at="2022-12-11T15:33:44Z" duration-ms="3875" status="PASS">
          <reporter-output>
          </reporter-output>
        </test-method> <!-- setUp -->
        <test-method signature="verifyHomePageTitleTest()[pri:1, instance:com.crm.qa.testcases.HomePageTest@3b94d659]" started-at="2022-12-11T15:33:44Z" name="verifyHomePageTitleTest" finished-at="2022-12-11T15:33:44Z" duration-ms="3" status="PASS">
          <reporter-output>
          </reporter-output>
        </test-method> <!-- verifyHomePageTitleTest -->
        <test-method is-config="true" signature="tearDown()[pri:0, instance:com.crm.qa.testcases.HomePageTest@3b94d659]" started-at="2022-12-11T15:33:44Z" name="tearDown" finished-at="2022-12-11T15:33:44Z" duration-ms="58" status="PASS">
          <reporter-output>
          </reporter-output>
        </test-method> <!-- tearDown -->
        <test-method is-config="true" signature="setUp()[pri:0, instance:com.crm.qa.testcases.HomePageTest@3b94d659]" started-at="2022-12-11T15:33:51Z" name="setUp" finished-at="2022-12-11T15:33:55Z" duration-ms="3802" status="PASS">
          <reporter-output>
          </reporter-output>
        </test-method> <!-- setUp -->
        <test-method signature="verifyUserNameTest()[pri:2, instance:com.crm.qa.testcases.HomePageTest@3b94d659]" started-at="2022-12-11T15:33:55Z" name="verifyUserNameTest" finished-at="2022-12-11T15:33:55Z" duration-ms="43" status="PASS">
          <reporter-output>
          </reporter-output>
        </test-method> <!-- verifyUserNameTest -->
        <test-method is-config="true" signature="tearDown()[pri:0, instance:com.crm.qa.testcases.HomePageTest@3b94d659]" started-at="2022-12-11T15:33:55Z" name="tearDown" finished-at="2022-12-11T15:33:55Z" duration-ms="58" status="PASS">
          <reporter-output>
          </reporter-output>
        </test-method> <!-- tearDown -->
        <test-method is-config="true" signature="setUp()[pri:0, instance:com.crm.qa.testcases.HomePageTest@3b94d659]" started-at="2022-12-11T15:34:01Z" name="setUp" finished-at="2022-12-11T15:34:05Z" duration-ms="3796" status="PASS">
          <reporter-output>
          </reporter-output>
        </test-method> <!-- setUp -->
        <test-method signature="verifyContactsLinkTest()[pri:3, instance:com.crm.qa.testcases.HomePageTest@3b94d659]" started-at="2022-12-11T15:34:05Z" name="verifyContactsLinkTest" finished-at="2022-12-11T15:34:05Z" duration-ms="524" status="PASS">
          <reporter-output>
          </reporter-output>
        </test-method> <!-- verifyContactsLinkTest -->
        <test-method is-config="true" signature="tearDown()[pri:0, instance:com.crm.qa.testcases.HomePageTest@3b94d659]" started-at="2022-12-11T15:34:05Z" name="tearDown" finished-at="2022-12-11T15:34:06Z" duration-ms="56" status="PASS">
          <reporter-output>
          </reporter-output>
        </test-method> <!-- tearDown -->
      </class> <!-- com.crm.qa.testcases.HomePageTest -->
      <class name="com.crm.qa.testcases.ContactsPageTest">
        <test-method is-config="true" signature="setUp()[pri:0, instance:com.crm.qa.testcases.ContactsPageTest@52525845]" started-at="2022-12-11T15:33:36Z" name="setUp" finished-at="2022-12-11T15:33:40Z" duration-ms="3935" status="PASS">
          <reporter-output>
          </reporter-output>
        </test-method> <!-- setUp -->
        <test-method signature="verifyContactsPageLabel()[pri:1, instance:com.crm.qa.testcases.ContactsPageTest@52525845]" started-at="2022-12-11T15:33:40Z" name="verifyContactsPageLabel" finished-at="2022-12-11T15:33:40Z" duration-ms="543" status="PASS">
          <reporter-output>
          </reporter-output>
        </test-method> <!-- verifyContactsPageLabel -->
        <test-method is-config="true" signature="tearDown()[pri:0, instance:com.crm.qa.testcases.ContactsPageTest@52525845]" started-at="2022-12-11T15:33:40Z" name="tearDown" finished-at="2022-12-11T15:33:40Z" duration-ms="57" status="PASS">
          <reporter-output>
          </reporter-output>
        </test-method> <!-- tearDown -->
        <test-method is-config="true" signature="setUp()[pri:0, instance:com.crm.qa.testcases.ContactsPageTest@52525845]" started-at="2022-12-11T15:33:46Z" name="setUp" finished-at="2022-12-11T15:33:50Z" duration-ms="3783" status="PASS">
          <reporter-output>
          </reporter-output>
        </test-method> <!-- setUp -->
        <test-method signature="selectSingleContactsTest()[pri:2, instance:com.crm.qa.testcases.ContactsPageTest@52525845]" started-at="2022-12-11T15:33:50Z" name="selectSingleContactsTest" finished-at="2022-12-11T15:33:51Z" duration-ms="552" status="PASS">
          <reporter-output>
          </reporter-output>
        </test-method> <!-- selectSingleContactsTest -->
        <test-method is-config="true" signature="tearDown()[pri:0, instance:com.crm.qa.testcases.ContactsPageTest@52525845]" started-at="2022-12-11T15:33:51Z" name="tearDown" finished-at="2022-12-11T15:33:51Z" duration-ms="63" status="PASS">
          <reporter-output>
          </reporter-output>
        </test-method> <!-- tearDown -->
        <test-method is-config="true" signature="setUp()[pri:0, instance:com.crm.qa.testcases.ContactsPageTest@52525845]" started-at="2022-12-11T15:33:57Z" name="setUp" finished-at="2022-12-11T15:34:00Z" duration-ms="3722" status="PASS">
          <reporter-output>
          </reporter-output>
        </test-method> <!-- setUp -->
        <test-method signature="selectMultipleContactsTest()[pri:3, instance:com.crm.qa.testcases.ContactsPageTest@52525845]" started-at="2022-12-11T15:34:00Z" name="selectMultipleContactsTest" finished-at="2022-12-11T15:34:01Z" duration-ms="598" status="PASS">
          <reporter-output>
          </reporter-output>
        </test-method> <!-- selectMultipleContactsTest -->
        <test-method is-config="true" signature="tearDown()[pri:0, instance:com.crm.qa.testcases.ContactsPageTest@52525845]" started-at="2022-12-11T15:34:01Z" name="tearDown" finished-at="2022-12-11T15:34:01Z" duration-ms="68" status="PASS">
          <reporter-output>
          </reporter-output>
        </test-method> <!-- tearDown -->
        <test-method is-config="true" signature="setUp()[pri:0, instance:com.crm.qa.testcases.ContactsPageTest@52525845]" started-at="2022-12-11T15:34:09Z" name="setUp" finished-at="2022-12-11T15:34:13Z" duration-ms="3594" status="PASS">
          <reporter-output>
          </reporter-output>
        </test-method> <!-- setUp -->
        <test-method signature="validateCreateNewContact(java.lang.String, java.lang.String, java.lang.String, java.lang.String)[pri:4, instance:com.crm.qa.testcases.ContactsPageTest@52525845]" started-at="2022-12-11T15:34:13Z" name="validateCreateNewContact" data-provider="getCRMTestData" finished-at="2022-12-11T15:34:15Z" duration-ms="1642" status="PASS">
          <params>
            <param index="0">
              <value>
                <![CDATA[Mr.]]>
              </value>
            </param>
            <param index="1">
              <value>
                <![CDATA[Tom]]>
              </value>
            </param>
            <param index="2">
              <value>
                <![CDATA[Peter]]>
              </value>
            </param>
            <param index="3">
              <value>
                <![CDATA[Google]]>
              </value>
            </param>
          </params>
          <reporter-output>
          </reporter-output>
        </test-method> <!-- validateCreateNewContact -->
        <test-method is-config="true" signature="tearDown()[pri:0, instance:com.crm.qa.testcases.ContactsPageTest@52525845]" started-at="2022-12-11T15:34:15Z" name="tearDown" finished-at="2022-12-11T15:34:15Z" duration-ms="66" status="PASS">
          <reporter-output>
          </reporter-output>
        </test-method> <!-- tearDown -->
        <test-method is-config="true" signature="setUp()[pri:0, instance:com.crm.qa.testcases.ContactsPageTest@52525845]" started-at="2022-12-11T15:34:15Z" name="setUp" finished-at="2022-12-11T15:34:18Z" duration-ms="3563" status="PASS">
          <reporter-output>
          </reporter-output>
        </test-method> <!-- setUp -->
        <test-method signature="validateCreateNewContact(java.lang.String, java.lang.String, java.lang.String, java.lang.String)[pri:4, instance:com.crm.qa.testcases.ContactsPageTest@52525845]" started-at="2022-12-11T15:34:18Z" name="validateCreateNewContact" data-provider="getCRMTestData" finished-at="2022-12-11T15:34:20Z" duration-ms="1691" status="PASS">
          <params>
            <param index="0">
              <value>
                <![CDATA[Dr.]]>
              </value>
            </param>
            <param index="1">
              <value>
                <![CDATA[David]]>
              </value>
            </param>
            <param index="2">
              <value>
                <![CDATA[Cris]]>
              </value>
            </param>
            <param index="3">
              <value>
                <![CDATA[Amazon]]>
              </value>
            </param>
          </params>
          <reporter-output>
          </reporter-output>
        </test-method> <!-- validateCreateNewContact -->
        <test-method is-config="true" signature="tearDown()[pri:0, instance:com.crm.qa.testcases.ContactsPageTest@52525845]" started-at="2022-12-11T15:34:20Z" name="tearDown" finished-at="2022-12-11T15:34:20Z" duration-ms="81" status="PASS">
          <reporter-output>
          </reporter-output>
        </test-method> <!-- tearDown -->
        <test-method is-config="true" signature="setUp()[pri:0, instance:com.crm.qa.testcases.ContactsPageTest@52525845]" started-at="2022-12-11T15:34:20Z" name="setUp" finished-at="2022-12-11T15:34:24Z" duration-ms="3591" status="PASS">
          <reporter-output>
          </reporter-output>
        </test-method> <!-- setUp -->
        <test-method signature="validateCreateNewContact(java.lang.String, java.lang.String, java.lang.String, java.lang.String)[pri:4, instance:com.crm.qa.testcases.ContactsPageTest@52525845]" started-at="2022-12-11T15:34:24Z" name="validateCreateNewContact" data-provider="getCRMTestData" finished-at="2022-12-11T15:34:25Z" duration-ms="1641" status="PASS">
          <params>
            <param index="0">
              <value>
                <![CDATA[Mrs.]]>
              </value>
            </param>
            <param index="1">
              <value>
                <![CDATA[Mukta]]>
              </value>
            </param>
            <param index="2">
              <value>
                <![CDATA[Sharma]]>
              </value>
            </param>
            <param index="3">
              <value>
                <![CDATA[Ebay]]>
              </value>
            </param>
          </params>
          <reporter-output>
          </reporter-output>
        </test-method> <!-- validateCreateNewContact -->
        <test-method is-config="true" signature="tearDown()[pri:0, instance:com.crm.qa.testcases.ContactsPageTest@52525845]" started-at="2022-12-11T15:34:25Z" name="tearDown" finished-at="2022-12-11T15:34:25Z" duration-ms="61" status="PASS">
          <reporter-output>
          </reporter-output>
        </test-method> <!-- tearDown -->
      </class> <!-- com.crm.qa.testcases.ContactsPageTest -->
      <class name="com.crm.qa.testcases.LoginPageTest">
        <test-method is-config="true" signature="setUp()[pri:0, instance:com.crm.qa.testcases.LoginPageTest@24b1d79b]" started-at="2022-12-11T15:33:44Z" name="setUp" finished-at="2022-12-11T15:33:46Z" duration-ms="1947" status="PASS">
          <reporter-output>
          </reporter-output>
        </test-method> <!-- setUp -->
        <test-method signature="loginPageTitleTest()[pri:1, instance:com.crm.qa.testcases.LoginPageTest@24b1d79b]" started-at="2022-12-11T15:33:46Z" name="loginPageTitleTest" finished-at="2022-12-11T15:33:46Z" duration-ms="12" status="PASS">
          <reporter-output>
          </reporter-output>
        </test-method> <!-- loginPageTitleTest -->
        <test-method is-config="true" signature="tearDown()[pri:0, instance:com.crm.qa.testcases.LoginPageTest@24b1d79b]" started-at="2022-12-11T15:33:46Z" name="tearDown" finished-at="2022-12-11T15:33:46Z" duration-ms="52" status="PASS">
          <reporter-output>
          </reporter-output>
        </test-method> <!-- tearDown -->
        <test-method is-config="true" signature="setUp()[pri:0, instance:com.crm.qa.testcases.LoginPageTest@24b1d79b]" started-at="2022-12-11T15:33:55Z" name="setUp" finished-at="2022-12-11T15:33:57Z" duration-ms="1894" status="PASS">
          <reporter-output>
          </reporter-output>
        </test-method> <!-- setUp -->
        <test-method signature="crmLogoImageTest()[pri:2, instance:com.crm.qa.testcases.LoginPageTest@24b1d79b]" started-at="2022-12-11T15:33:57Z" name="crmLogoImageTest" finished-at="2022-12-11T15:33:57Z" duration-ms="47" status="PASS">
          <reporter-output>
          </reporter-output>
        </test-method> <!-- crmLogoImageTest -->
        <test-method is-config="true" signature="tearDown()[pri:0, instance:com.crm.qa.testcases.LoginPageTest@24b1d79b]" started-at="2022-12-11T15:33:57Z" name="tearDown" finished-at="2022-12-11T15:33:57Z" duration-ms="56" status="PASS">
          <reporter-output>
          </reporter-output>
        </test-method> <!-- tearDown -->
        <test-method is-config="true" signature="setUp()[pri:0, instance:com.crm.qa.testcases.LoginPageTest@24b1d79b]" started-at="2022-12-11T15:34:06Z" name="setUp" finished-at="2022-12-11T15:34:07Z" duration-ms="1855" status="PASS">
          <reporter-output>
          </reporter-output>
        </test-method> <!-- setUp -->
        <test-method signature="loginTest()[pri:3, instance:com.crm.qa.testcases.LoginPageTest@24b1d79b]" started-at="2022-12-11T15:34:07Z" name="loginTest" finished-at="2022-12-11T15:34:09Z" duration-ms="1693" status="PASS">
          <reporter-output>
          </reporter-output>
        </test-method> <!-- loginTest -->
        <test-method is-config="true" signature="tearDown()[pri:0, instance:com.crm.qa.testcases.LoginPageTest@24b1d79b]" started-at="2022-12-11T15:34:09Z" name="tearDown" finished-at="2022-12-11T15:34:09Z" duration-ms="76" status="PASS">
          <reporter-output>
          </reporter-output>
        </test-method> <!-- tearDown -->
      </class> <!-- com.crm.qa.testcases.LoginPageTest -->
    </test> <!-- Surefire test -->
  </suite> <!-- Surefire suite -->
</testng-results>
